\BOOKMARK [1][-]{section.4}{User\040Interfaces\040with\040Glyph}{}% 1
\BOOKMARK [2][-]{subsection.5}{Introduction}{section.4}% 2
\BOOKMARK [2][-]{subsection.21}{Reactive\040Glyphs\040and\040Focus}{section.4}% 3
\BOOKMARK [1][-]{section.25}{Glyphs}{}% 4
\BOOKMARK [2][-]{subsection.26}{The\040Glyph\040Interface}{section.25}% 5
\BOOKMARK [2][-]{subsection.40}{Glyph\040Composition}{section.25}% 6
\BOOKMARK [2][-]{subsection.66}{Brushes}{section.25}% 7
\BOOKMARK [1][-]{section.86}{Glyph\040Transformers}{}% 8
\BOOKMARK [1][-]{section.117}{Polygonal\040Glyphs}{}% 9
\BOOKMARK [2][-]{subsection.118}{Specification}{section.117}% 10
\BOOKMARK [2][-]{subsection.136}{Paint\040Effects}{section.117}% 11
\BOOKMARK [1][-]{appendix.180}{Mutability\040of\040Glyphs\040and\040Brushes}{}% 12
\BOOKMARK [2][-]{subsection.181}{Glyphs\040are\040mutable}{appendix.180}% 13
\BOOKMARK [2][-]{subsection.195}{Brushes\040are\040mutable}{appendix.180}% 14
\BOOKMARK [1][-]{appendix.206}{Text}{}% 15
\BOOKMARK [1][-]{appendix.224}{The\040Focus\040Protocol}{}% 16
\BOOKMARK [2][-]{subsection.225}{MouseMove\040events}{appendix.224}% 17
\BOOKMARK [2][-]{subsection.226}{MouseButton\040events}{appendix.224}% 18
\BOOKMARK [2][-]{subsection.227}{MouseScroll\040events}{appendix.224}% 19
\BOOKMARK [2][-]{subsection.229}{Locating\040Reactive\040Glyphs}{appendix.224}% 20
\BOOKMARK [2][-]{subsection.230}{Locating\040Glyphs\040in\040the\040presence\040of\040Overlays}{appendix.224}% 21
\BOOKMARK [1][-]{appendix.232}{Anatomy\040of\040a\040Simple\040Reactive\040Glyph}{}% 22
\BOOKMARK [1][-]{appendix.322}{Examples}{}% 23
\BOOKMARK [2][-]{subsection.323}{A\040Passive\040GUI}{appendix.322}% 24
\BOOKMARK [2][-]{subsection.337}{An\040Explicitly-styled\040GUI}{appendix.322}% 25
\BOOKMARK [2][-]{subsection.365}{A\040GUI\040with\040Implicitly\040Styled\040Glyphs}{appendix.322}% 26
\BOOKMARK [2][-]{subsection.418}{A\040Primitive\040Calculator}{appendix.322}% 27
\BOOKMARK [1][-]{appendix.472}{Pages\040from\040DemonstrationNotebook}{}% 28
